404 1
404 2
404 3
200 4
200 5
200 6
200 7
404 8
200 9
200 10
404 11
404 12
200 13
404 14
404 15
200 16
200 17
200 18
404 19
404 20
404 21
200 22
200 23
200 24
200 25
404 26
404 27
200 28
200 29
200 30
200 31
200 32
200 33
200 34
200 35
200 36
200 37
200 38
200 39
200 40
200 41
200 42
200 43
200 44
200 45
200 46
200 47
404 48
200 49
200 50
404 51
200 52
200 53
200 54
200 55
200 56
200 57
200 58
200 59
200 60
200 61
404 62
200 63
200 64
200 65
200 66
200 67
200 68
200 69
404 70
200 71
404 72
200 73
404 74
200 75
200 76
200 77
200 78
200 79
200 80
200 81
200 82
200 83
200 84
404 85
200 86
200 87
200 88
200 89
200 90
200 91
200 92
200 93
200 94
200 95
200 96
200 97
200 98
200 99
200 100
200 101
200 102
200 103
200 104
404 105
200 106
404 107
200 108
404 109
200 110
200 111
200 112
200 113
200 114
200 115
200 116
200 117
200 118
200 119
200 120
200 121
200 122
404 123
404 124
200 125
200 126
200 127
200 128
200 129
200 130
200 131
200 132
404 133
200 134
200 135
404 136
200 137
200 138
200 139
200 140
200 141
200 142
200 143
200 144
200 145
200 146
404 147
404 148
404 149
404 150
404 151
404 152
404 153
404 154
404 155
404 156
404 157
404 158
404 159
404 160
404 161
404 162
404 163
404 164
404 165
404 166
404 167
404 168
404 169
404 170
404 171
404 172
404 173
404 174
404 175
404 176
404 177
404 178
404 179
404 180
404 181
404 182
404 183
404 184
404 185
404 186
404 187
404 188
404 189
404 190
404 191
404 192
404 193
404 194
404 195
404 196
404 197
404 198
404 199
404 200
404 201
404 202
404 203
404 204
404 205
404 206
404 207
404 208
404 209
404 210
404 211
404 212
404 213
404 214
404 215
404 216
404 217
404 218
404 219
404 220
404 221
404 222
404 223
404 224
404 225
404 226
404 227
404 228
404 229
404 230
404 231
404 232
404 233
404 234
404 235
404 236
404 237
404 238
404 239
404 240
404 241
404 242
404 243
404 244
404 245
404 246
404 247
404 248
404 249
404 250
404 251
404 252
404 253
404 254
404 255
404 256
404 257
404 258
404 259
404 260
404 261
404 262
404 263
404 264
404 265
404 266
404 267
404 268
404 269
404 270
404 271
404 272
404 273
404 274
404 275
404 276
404 277
404 278
404 279
404 280
404 281
404 282
404 283
404 284
404 285
404 286
404 287
404 288
404 289
404 290
404 291
404 292
404 293
404 294
404 295
404 296
404 297
404 298
404 299
404 300
404 301
404 302
404 303
404 304
404 305
404 306
404 307
404 308
404 309
404 310
404 311
404 312
404 313
404 314
404 315
404 316
404 317
404 318
404 319
404 320
404 321
404 322
404 323
404 324
404 325
404 326
404 327
404 328
404 329
404 330
404 331
404 332
404 333
404 334
404 335
404 336
404 337
404 338
404 339
404 340
404 341
404 342
404 343
404 344
404 345
404 346
404 347
404 348
404 349
404 350
404 351
404 352
404 353
404 354
404 355
404 356
404 357
404 358
404 359
404 360
404 361
404 362
404 363
404 364
404 365
404 366
404 367
404 368
404 369
404 370
404 371
404 372
404 373
404 374
404 375
404 376
404 377
404 378
404 379
404 380
404 381
404 382
404 383
404 384
404 385
404 386
404 387
404 388
404 389
404 390
404 391
404 392
404 393
404 394
404 395
404 396
404 397
404 398
404 399
404 400
404 401
404 402
404 403
404 404
404 405
404 406
404 407
404 408
404 409
404 410
404 411
404 412
404 413
404 414
404 415
404 416
404 417
404 418
404 419
404 420
404 421
404 422
404 423
404 424
404 425
404 426
404 427
404 428
404 429
404 430
404 431
404 432
404 433
404 434
404 435
404 436
404 437
404 438
404 439
404 440
404 441
404 442
404 443
404 444
404 445
404 446
404 447
404 448
404 449
404 450
404 451
404 452
404 453
404 454
404 455
404 456
404 457
404 458
404 459
404 460
404 461
404 462
404 463
404 464
404 465
404 466
404 467
404 468
404 469
404 470
404 471
404 472
404 473
404 474
404 475
404 476
404 477
404 478
404 479
404 480
404 481
404 482
404 483
404 484
404 485
404 486
404 487
404 488
404 489
404 490
404 491
404 492
404 493
404 494
404 495
404 496
404 497
404 498
404 499
404 500
404 501
404 502
404 503
404 504
404 505
404 506
404 507
404 508
404 509
404 510
404 511
404 512
404 513
404 514
404 515
404 516
404 517
404 518
404 519
404 520
404 521
404 522
404 523
404 524
404 525
404 526
404 527
404 528
404 529
404 530
404 531
404 532
404 533
404 534
404 535
404 536
404 537
404 538
404 539
404 540
404 541
404 542
404 543
404 544
404 545
404 546
404 547
404 548
404 549
404 550
404 551
404 552
404 553
404 554
404 555
404 556
404 557
404 558
404 559
404 560
404 561
404 562
404 563
404 564
404 565
404 566
404 567
404 568
404 569
404 570
404 571
404 572
404 573
404 574
404 575
404 576
404 577
404 578
404 579
404 580
404 581
404 582
404 583
404 584
404 585
404 586
404 587
404 588
404 589
404 590
404 591
404 592
404 593
404 594
404 595
404 596
404 597
404 598
404 599
404 600
404 601
404 602
404 603
404 604
404 605
404 606
404 607
404 608
404 609
404 610
404 611
404 612
404 613
404 614
404 615
404 616
404 617
404 618
404 619
404 620
404 621
404 622
404 623
404 624
404 625
404 626
404 627
404 628
404 629
404 630
404 631
404 632
404 633
404 634
404 635
404 636
404 637
404 638
404 639
404 640
404 641
404 642
404 643
404 644
404 645
404 646
404 647
404 648
404 649
404 650
404 651
404 652
404 653
404 654
404 655
404 656
404 657
404 658
404 659
404 660
404 661
404 662
404 663
404 664
404 665
404 666
404 667
404 668
404 669
404 670
404 671
404 672
404 673
404 674
404 675
404 676
404 677
404 678
404 679
404 680
404 681
404 682
404 683
404 684
404 685
404 686
404 687
404 688
404 689
404 690
404 691
404 692
404 693
404 694
404 695
404 696
404 697
404 698
404 699
404 700
404 701
404 702
404 703
404 704
404 705
404 706
404 707
404 708
404 709
404 710
404 711
404 712
404 713
404 714
404 715
404 716
404 717
404 718
404 719
404 720
404 721
404 722
404 723
404 724
404 725
404 726
404 727
404 728
404 729
404 730
404 731
404 732
404 733
404 734
404 735
404 736
404 737
404 738
404 739
404 740
404 741
404 742
404 743
404 744
404 745
404 746
404 747
404 748
404 749
404 750
404 751
404 752
404 753
404 754
404 755
404 756
404 757
404 758
404 759
404 760
404 761
404 762
404 763
404 764
404 765
404 766
404 767
404 768
404 769
404 770
404 771
404 772
404 773
404 774
404 775
404 776
404 777
404 778
404 779
404 780
404 781
404 782
404 783
404 784
404 785
404 786
404 787
404 788
404 789
404 790
404 791
404 792
404 793
404 794
404 795
404 796
404 797
404 798
404 799
404 800
404 801
404 802
404 803
404 804
404 805
404 806
404 807
404 808
404 809
404 810
404 811
404 812
404 813
404 814
404 815
404 816
404 817
404 818
404 819
404 820
404 821
404 822
404 823
404 824
404 825
404 826
404 827
404 828
404 829
404 830
404 831
404 832
404 833
404 834
404 835
404 836
404 837
404 838
404 839
404 840
404 841
404 842
404 843
404 844
404 845
404 846
404 847
404 848
404 849
404 850
404 851
404 852
404 853
404 854
404 855
404 856
404 857
404 858
404 859
404 860
404 861
404 862
404 863
404 864
404 865
404 866
404 867
404 868
404 869
404 870
404 871
404 872
404 873
404 874
404 875
404 876
404 877
404 878
404 879
404 880
404 881
404 882
404 883
404 884
404 885
404 886
404 887
404 888
404 889
404 890
404 891
404 892
404 893
404 894
404 895
404 896
404 897
404 898
404 899
404 900
404 901
404 902
404 903
404 904
404 905
404 906
404 907
404 908
404 909
404 910
404 911
404 912
404 913
404 914
404 915
404 916
404 917
404 918
404 919
404 920
404 921
404 922
404 923
404 924
404 925
404 926
404 927
404 928
404 929
404 930
404 931
404 932
404 933
404 934
404 935
404 936
404 937
404 938
404 939
404 940
404 941
404 942
404 943
404 944
404 945
404 946
404 947
404 948
404 949
404 950
404 951
404 952
404 953
404 954
404 955
404 956
404 957
404 958
404 959
404 960
404 961
404 962
404 963
404 964
404 965
404 966
404 967
404 968
404 969
404 970
404 971
404 972
404 973
404 974
404 975
404 976
404 977
404 978
404 979
404 980
404 981
404 982
404 983
404 984
404 985
404 986
404 987
404 988
404 989
404 990
404 991
404 992
404 993
404 994
404 995
404 996
404 997
404 998
404 999
404 1000
404 1001
404 1002
404 1003
404 1004
404 1005
404 1006
404 1007
404 1008
404 1009
404 1010
404 1011
404 1012
404 1013
404 1014
404 1015
404 1016
404 1017
404 1018
404 1019
404 1020
404 1021
404 1022
404 1023
404 1024
404 1025
404 1026
404 1027
404 1028
404 1029
404 1030
404 1031
404 1032
404 1033
404 1034
404 1035
404 1036
404 1037
404 1038
404 1039
404 1040
404 1041
404 1042
404 1043
404 1044
404 1045
404 1046
404 1047
404 1048
404 1049
404 1050
404 1051
404 1052
404 1053
404 1054
404 1055
404 1056
404 1057
404 1058
404 1059
404 1060
404 1061
404 1062
404 1063
404 1064
404 1065
404 1066
404 1067
404 1068
404 1069
404 1070
404 1071
404 1072
404 1073
404 1074
404 1075
404 1076
404 1077
404 1078
404 1079
404 1080
404 1081
404 1082
404 1083
404 1084
404 1085
404 1086
404 1087
404 1088
404 1089
404 1090
404 1091
404 1092
404 1093
404 1094
404 1095
404 1096
404 1097
404 1098
404 1099
404 1100
404 1101
404 1102
404 1103
404 1104
404 1105
404 1106
404 1107
404 1108
404 1109
404 1110
404 1111
404 1112
404 1113
404 1114
404 1115
404 1116
404 1117
404 1118
404 1119
404 1120
404 1121
404 1122
404 1123
404 1124
404 1125
404 1126
404 1127
404 1128
404 1129
404 1130
404 1131
404 1132
404 1133
404 1134
404 1135
404 1136
404 1137
404 1138
404 1139
404 1140
404 1141
404 1142
404 1143
404 1144
404 1145
404 1146
404 1147
404 1148
404 1149
404 1150
404 1151
404 1152
404 1153
404 1154
404 1155
404 1156
404 1157
404 1158
404 1159
404 1160
404 1161
404 1162
404 1163
404 1164
404 1165
404 1166
404 1167
404 1168
404 1169
404 1170
404 1171
404 1172
404 1173
404 1174
404 1175
404 1176
404 1177
404 1178
404 1179
404 1180
404 1181
404 1182
404 1183
404 1184
404 1185
404 1186
404 1187
404 1188
404 1189
404 1190
404 1191
404 1192
404 1193
404 1194
404 1195
404 1196
404 1197
404 1198
404 1199
404 1200
404 1201
404 1202
404 1203
404 1204
404 1205
404 1206
404 1207
404 1208
404 1209
404 1210
404 1211
404 1212
404 1213
404 1214
404 1215
404 1216
404 1217
404 1218
404 1219
404 1220
404 1221
404 1222
404 1223
404 1224
404 1225
404 1226
404 1227
404 1228
404 1229
404 1230
404 1231
404 1232
404 1233
404 1234
404 1235
404 1236
404 1237
404 1238
404 1239
404 1240
404 1241
404 1242
404 1243
404 1244
404 1245
404 1246
404 1247
404 1248
404 1249
404 1250
404 1251
404 1252
404 1253
404 1254
404 1255
404 1256
404 1257
404 1258
404 1259
404 1260
404 1261
404 1262
404 1263
404 1264
404 1265
404 1266
404 1267
404 1268
404 1269
404 1270
404 1271
404 1272
404 1273
404 1274
404 1275
404 1276
404 1277
404 1278
404 1279
404 1280
404 1281
404 1282
404 1283
404 1284
404 1285
404 1286
404 1287
404 1288
404 1289
404 1290
404 1291
404 1292
404 1293
404 1294
404 1295
404 1296
404 1297
404 1298
404 1299
404 1300
404 1301
404 1302
404 1303
404 1304
404 1305
404 1306
404 1307
404 1308
404 1309
404 1310
404 1311
404 1312
404 1313
404 1314
404 1315
404 1316
404 1317
404 1318
404 1319
404 1320
404 1321
404 1322
404 1323
404 1324
404 1325
404 1326
404 1327
404 1328
404 1329
404 1330
404 1331
404 1332
404 1333
404 1334
404 1335
404 1336
404 1337
404 1338
404 1339
404 1340
404 1341
404 1342
404 1343
404 1344
404 1345
404 1346
404 1347
404 1348
404 1349
404 1350
404 1351
404 1352
404 1353
404 1354
404 1355
404 1356
404 1357
404 1358
404 1359
404 1360
404 1361
404 1362
404 1363
404 1364
404 1365
404 1366
404 1367
404 1368
404 1369
404 1370
404 1371
404 1372
404 1373
404 1374
404 1375
404 1376
404 1377
404 1378
404 1379
404 1380
404 1381
404 1382
404 1383
404 1384
404 1385
404 1386
404 1387
404 1388
404 1389
404 1390
404 1391
404 1392
404 1393
404 1394
404 1395
404 1396
404 1397
404 1398
404 1399
404 1400
404 1401
404 1402
404 1403
404 1404
404 1405
404 1406
404 1407
404 1408
404 1409
404 1410
404 1411
404 1412
404 1413
404 1414
404 1415
404 1416
404 1417
404 1418
404 1419
404 1420
404 1421
404 1422
404 1423
404 1424
404 1425
404 1426
404 1427
404 1428
404 1429
404 1430
404 1431
404 1432
404 1433
404 1434
404 1435
404 1436
404 1437
404 1438
404 1439
404 1440
404 1441
404 1442
404 1443
404 1444
404 1445
404 1446
404 1447
404 1448
404 1449
404 1450
404 1451
404 1452
404 1453
404 1454
404 1455
404 1456
404 1457
404 1458
404 1459
404 1460
404 1461
404 1462
404 1463
404 1464
404 1465
404 1466
404 1467
404 1468
404 1469
404 1470
404 1471
404 1472
404 1473
404 1474
404 1475
404 1476
404 1477
404 1478
404 1479
404 1480
404 1481
404 1482
404 1483
404 1484
404 1485
404 1486
404 1487
404 1488
404 1489
404 1490
404 1491
404 1492
404 1493
404 1494
404 1495
404 1496
404 1497
404 1498
404 1499
404 1500
404 1501
404 1502
404 1503
404 1504
404 1505
404 1506
404 1507
404 1508
404 1509
404 1510
404 1511
404 1512
404 1513
404 1514
404 1515
404 1516
404 1517
404 1518
404 1519
404 1520
404 1521
404 1522
404 1523
404 1524
404 1525
404 1526
404 1527
404 1528
404 1529
404 1530
404 1531
404 1532
404 1533
404 1534
404 1535
404 1536
404 1537
404 1538
404 1539
404 1540
404 1541
404 1542
404 1543
404 1544
404 1545
404 1546
404 1547
404 1548
404 1549
404 1550
404 1551
404 1552
404 1553
404 1554
404 1555
404 1556
404 1557
404 1558
404 1559
404 1560
404 1561
404 1562
404 1563
404 1564
404 1565
404 1566
404 1567
404 1568
404 1569
404 1570
404 1571
404 1572
404 1573
404 1574
404 1575
404 1576
404 1577
404 1578
404 1579
404 1580
404 1581
404 1582
404 1583
404 1584
404 1585
404 1586
404 1587
404 1588
404 1589
404 1590
404 1591
404 1592
404 1593
404 1594
404 1595
404 1596
404 1597
404 1598
404 1599
404 1600
404 1601
404 1602
404 1603
404 1604
404 1605
404 1606
404 1607
404 1608
404 1609
404 1610
404 1611
404 1612
404 1613
404 1614
404 1615
404 1616
404 1617
404 1618
404 1619
404 1620
404 1621
404 1622
404 1623
404 1624
404 1625
404 1626
404 1627
404 1628
404 1629
404 1630
404 1631
404 1632
404 1633
404 1634
404 1635
404 1636
404 1637
404 1638
404 1639
404 1640
404 1641
404 1642
404 1643
404 1644
404 1645
404 1646
404 1647
404 1648
404 1649
404 1650
404 1651
404 1652
404 1653
404 1654
404 1655
404 1656
404 1657
404 1658
404 1659
404 1660
404 1661
404 1662
404 1663
404 1664
404 1665
404 1666
404 1667
404 1668
404 1669
404 1670
404 1671
404 1672
404 1673
404 1674
404 1675
404 1676
404 1677
404 1678
404 1679
404 1680
404 1681
404 1682
404 1683
404 1684
404 1685
404 1686
404 1687
404 1688
404 1689
404 1690
404 1691
404 1692
404 1693
404 1694
404 1695
404 1696
404 1697
404 1698
404 1699
404 1700
404 1701
404 1702
404 1703
404 1704
404 1705
404 1706
404 1707
404 1708
404 1709
404 1710
404 1711
404 1712
404 1713
404 1714
404 1715
404 1716
404 1717
404 1718
404 1719
404 1720
404 1721
404 1722
404 1723
404 1724
404 1725
404 1726
404 1727
404 1728
404 1729
404 1730
404 1731
404 1732
404 1733
404 1734
404 1735
404 1736
404 1737
404 1738
404 1739
404 1740
404 1741
404 1742
404 1743
404 1744
404 1745
404 1746
404 1747
404 1748
404 1749
404 1750
404 1751
404 1752
404 1753
404 1754
404 1755
404 1756
404 1757
404 1758
404 1759
404 1760
404 1761
404 1762
404 1763
404 1764
404 1765
404 1766
404 1767
404 1768
404 1769
404 1770
404 1771
404 1772
404 1773
404 1774
404 1775
404 1776
404 1777
404 1778
404 1779
404 1780
404 1781
404 1782
404 1783
404 1784
404 1785
404 1786
404 1787
404 1788
404 1789
404 1790
404 1791
404 1792
404 1793
404 1794
404 1795
404 1796
404 1797
404 1798
404 1799
404 1800
404 1801
404 1802
404 1803
404 1804
404 1805
404 1806
404 1807
404 1808
404 1809
404 1810
404 1811
404 1812
404 1813
404 1814
404 1815
404 1816
404 1817
404 1818
404 1819
404 1820
404 1821
404 1822
404 1823
404 1824
404 1825
404 1826
404 1827
404 1828
404 1829
404 1830
404 1831
404 1832
404 1833
404 1834
404 1835
404 1836
404 1837
404 1838
404 1839
404 1840
404 1841
404 1842
404 1843
404 1844
404 1845
404 1846
404 1847
404 1848
404 1849
404 1850
404 1851
404 1852
404 1853
404 1854
404 1855
404 1856
404 1857
404 1858
404 1859
404 1860
404 1861
404 1862
404 1863
404 1864
404 1865
404 1866
404 1867
404 1868
404 1869
404 1870
404 1871
404 1872
404 1873
404 1874
404 1875
404 1876
404 1877
404 1878
404 1879
404 1880
404 1881
404 1882
404 1883
404 1884
404 1885
404 1886
404 1887
404 1888
404 1889
404 1890
404 1891
404 1892
404 1893
404 1894
404 1895
404 1896
404 1897
404 1898
404 1899
404 1900
404 1901
404 1902
404 1903
404 1904
404 1905
404 1906
404 1907
404 1908
404 1909
404 1910
404 1911
404 1912
404 1913
404 1914
404 1915
404 1916
404 1917
404 1918
404 1919
404 1920
404 1921
404 1922
404 1923
404 1924
404 1925
404 1926
404 1927
404 1928
404 1929
404 1930
404 1931
404 1932
404 1933
404 1934
404 1935
404 1936
404 1937
404 1938
404 1939
404 1940
404 1941
404 1942
404 1943
404 1944
404 1945
404 1946
404 1947
404 1948
404 1949
404 1950
404 1951
404 1952
404 1953
404 1954
404 1955
404 1956
404 1957
404 1958
404 1959
404 1960
404 1961
404 1962
404 1963
404 1964
404 1965
404 1966
404 1967
404 1968
404 1969
404 1970
404 1971
404 1972
404 1973
404 1974
404 1975
404 1976
404 1977
404 1978
404 1979
404 1980
404 1981
404 1982
404 1983
404 1984
404 1985
404 1986
404 1987
404 1988
404 1989
404 1990
404 1991
404 1992
404 1993
404 1994
404 1995
404 1996
404 1997
404 1998
404 1999
